<?xml version="1.0" encoding="UTF-8"?>
<testsuite xmlns:xsi="http://www.w3.org/2001/XMLSchema-instance" xsi:noNamespaceSchemaLocation="https://maven.apache.org/surefire/maven-surefire-plugin/xsd/surefire-test-report.xsd" name="com.mycompany.app.TestCase" time="0.082" tests="7" errors="0" skipped="0" failures="0">
  <properties>
[...]
</properties>
  <testcase name="testLeapYear" classname="com.mycompany.app.TestCase" time="0.003"/>
  <testcase name="testPreviousDay" classname="com.mycompany.app.TestCase" time="0"/>
  <testcase name="testPreviousYear" classname="com.mycompany.app.TestCase" time="0"/>
  <testcase name="testNextDay" classname="com.mycompany.app.TestCase" time="0.001"/>
  <testcase name="testPreviousMonth" classname="com.mycompany.app.TestCase" time="0"/>
  <testcase name="testNextMonth" classname="com.mycompany.app.TestCase" time="0"/>
  <testcase name="testNextYear" classname="com.mycompany.app.TestCase" time="0.001"/>
</testsuite>